<?xml version="1.0" encoding="UTF-8"?>
<testsuite xmlns:xsi="http://www.w3.org/2001/XMLSchema-instance" xsi:noNamespaceSchemaLocation="https://maven.apache.org/surefire/maven-surefire-plugin/xsd/surefire-test-report.xsd" name="com.yupi.yupao.service.RedisTest" time="0.002" tests="1" errors="0" skipped="0" failures="0">
  <properties>
    <property name="sun.desktop" value="windows"/>
    <property name="awt.toolkit" value="sun.awt.windows.WToolkit"/>
    <property name="file.encoding.pkg" value="sun.io"/>
    <property name="java.specification.version" value="1.8"/>
    <property name="sun.cpu.isalist" value="amd64"/>
    <property name="sun.jnu.encoding" value="GBK"/>
    <property name="java.class.path" value="E:\OneDrive - stu.xjtu.edu.cn\2 工作\3 java\4 java项目\伙伴匹配系统-鱼皮\yupao\yupao-backend-master\target\test-classes;E:\OneDrive - stu.xjtu.edu.cn\2 工作\3 java\4 java项目\伙伴匹配系统-鱼皮\yupao\yupao-backend-master\target\classes;D:\apache-maven-3.9.9\mvn_repo\org\springframework\boot\spring-boot-starter-web\2.6.4\spring-boot-starter-web-2.6.4.jar;D:\apache-maven-3.9.9\mvn_repo\org\springframework\boot\spring-boot-starter\2.6.4\spring-boot-starter-2.6.4.jar;D:\apache-maven-3.9.9\mvn_repo\org\springframework\boot\spring-boot-starter-logging\2.6.4\spring-boot-starter-logging-2.6.4.jar;D:\apache-maven-3.9.9\mvn_repo\ch\qos\logback\logback-classic\1.2.10\logback-classic-1.2.10.jar;D:\apache-maven-3.9.9\mvn_repo\ch\qos\logback\logback-core\1.2.10\logback-core-1.2.10.jar;D:\apache-maven-3.9.9\mvn_repo\org\apache\logging\log4j\log4j-to-slf4j\2.17.1\log4j-to-slf4j-2.17.1.jar;D:\apache-maven-3.9.9\mvn_repo\org\apache\logging\log4j\log4j-api\2.17.1\log4j-api-2.17.1.jar;D:\apache-maven-3.9.9\mvn_repo\org\slf4j\jul-to-slf4j\1.7.36\jul-to-slf4j-1.7.36.jar;D:\apache-maven-3.9.9\mvn_repo\jakarta\annotation\jakarta.annotation-api\1.3.5\jakarta.annotation-api-1.3.5.jar;D:\apache-maven-3.9.9\mvn_repo\org\yaml\snakeyaml\1.29\snakeyaml-1.29.jar;D:\apache-maven-3.9.9\mvn_repo\org\springframework\boot\spring-boot-starter-json\2.6.4\spring-boot-starter-json-2.6.4.jar;D:\apache-maven-3.9.9\mvn_repo\com\fasterxml\jackson\datatype\jackson-datatype-jdk8\2.13.1\jackson-datatype-jdk8-2.13.1.jar;D:\apache-maven-3.9.9\mvn_repo\com\fasterxml\jackson\datatype\jackson-datatype-jsr310\2.13.1\jackson-datatype-jsr310-2.13.1.jar;D:\apache-maven-3.9.9\mvn_repo\com\fasterxml\jackson\module\jackson-module-parameter-names\2.13.1\jackson-module-parameter-names-2.13.1.jar;D:\apache-maven-3.9.9\mvn_repo\org\springframework\boot\spring-boot-starter-tomcat\2.6.4\spring-boot-starter-tomcat-2.6.4.jar;D:\apache-maven-3.9.9\mvn_repo\org\apache\tomcat\embed\tomcat-embed-core\9.0.58\tomcat-embed-core-9.0.58.jar;D:\apache-maven-3.9.9\mvn_repo\org\apache\tomcat\embed\tomcat-embed-el\9.0.58\tomcat-embed-el-9.0.58.jar;D:\apache-maven-3.9.9\mvn_repo\org\apache\tomcat\embed\tomcat-embed-websocket\9.0.58\tomcat-embed-websocket-9.0.58.jar;D:\apache-maven-3.9.9\mvn_repo\org\springframework\spring-web\5.3.16\spring-web-5.3.16.jar;D:\apache-maven-3.9.9\mvn_repo\org\springframework\spring-beans\5.3.16\spring-beans-5.3.16.jar;D:\apache-maven-3.9.9\mvn_repo\org\springframework\spring-webmvc\5.3.16\spring-webmvc-5.3.16.jar;D:\apache-maven-3.9.9\mvn_repo\org\springframework\spring-aop\5.3.16\spring-aop-5.3.16.jar;D:\apache-maven-3.9.9\mvn_repo\org\springframework\spring-context\5.3.16\spring-context-5.3.16.jar;D:\apache-maven-3.9.9\mvn_repo\org\springframework\spring-expression\5.3.16\spring-expression-5.3.16.jar;D:\apache-maven-3.9.9\mvn_repo\org\springframework\boot\spring-boot-devtools\2.6.4\spring-boot-devtools-2.6.4.jar;D:\apache-maven-3.9.9\mvn_repo\org\springframework\boot\spring-boot\2.6.4\spring-boot-2.6.4.jar;D:\apache-maven-3.9.9\mvn_repo\org\springframework\boot\spring-boot-autoconfigure\2.6.4\spring-boot-autoconfigure-2.6.4.jar;D:\apache-maven-3.9.9\mvn_repo\org\springframework\boot\spring-boot-configuration-processor\2.6.4\spring-boot-configuration-processor-2.6.4.jar;D:\apache-maven-3.9.9\mvn_repo\org\springframework\boot\spring-boot-starter-test\2.6.4\spring-boot-starter-test-2.6.4.jar;D:\apache-maven-3.9.9\mvn_repo\org\springframework\boot\spring-boot-test\2.6.4\spring-boot-test-2.6.4.jar;D:\apache-maven-3.9.9\mvn_repo\org\springframework\boot\spring-boot-test-autoconfigure\2.6.4\spring-boot-test-autoconfigure-2.6.4.jar;D:\apache-maven-3.9.9\mvn_repo\com\jayway\jsonpath\json-path\2.6.0\json-path-2.6.0.jar;D:\apache-maven-3.9.9\mvn_repo\net\minidev\json-smart\2.4.8\json-smart-2.4.8.jar;D:\apache-maven-3.9.9\mvn_repo\net\minidev\accessors-smart\2.4.8\accessors-smart-2.4.8.jar;D:\apache-maven-3.9.9\mvn_repo\org\ow2\asm\asm\9.1\asm-9.1.jar;D:\apache-maven-3.9.9\mvn_repo\jakarta\xml\bind\jakarta.xml.bind-api\2.3.3\jakarta.xml.bind-api-2.3.3.jar;D:\apache-maven-3.9.9\mvn_repo\jakarta\activation\jakarta.activation-api\1.2.2\jakarta.activation-api-1.2.2.jar;D:\apache-maven-3.9.9\mvn_repo\org\assertj\assertj-core\3.21.0\assertj-core-3.21.0.jar;D:\apache-maven-3.9.9\mvn_repo\org\hamcrest\hamcrest\2.2\hamcrest-2.2.jar;D:\apache-maven-3.9.9\mvn_repo\org\junit\jupiter\junit-jupiter\5.8.2\junit-jupiter-5.8.2.jar;D:\apache-maven-3.9.9\mvn_repo\org\junit\jupiter\junit-jupiter-api\5.8.2\junit-jupiter-api-5.8.2.jar;D:\apache-maven-3.9.9\mvn_repo\org\opentest4j\opentest4j\1.2.0\opentest4j-1.2.0.jar;D:\apache-maven-3.9.9\mvn_repo\org\junit\platform\junit-platform-commons\1.8.2\junit-platform-commons-1.8.2.jar;D:\apache-maven-3.9.9\mvn_repo\org\apiguardian\apiguardian-api\1.1.2\apiguardian-api-1.1.2.jar;D:\apache-maven-3.9.9\mvn_repo\org\junit\jupiter\junit-jupiter-params\5.8.2\junit-jupiter-params-5.8.2.jar;D:\apache-maven-3.9.9\mvn_repo\org\junit\jupiter\junit-jupiter-engine\5.8.2\junit-jupiter-engine-5.8.2.jar;D:\apache-maven-3.9.9\mvn_repo\org\junit\platform\junit-platform-engine\1.8.2\junit-platform-engine-1.8.2.jar;D:\apache-maven-3.9.9\mvn_repo\org\mockito\mockito-core\4.0.0\mockito-core-4.0.0.jar;D:\apache-maven-3.9.9\mvn_repo\net\bytebuddy\byte-buddy-agent\1.11.22\byte-buddy-agent-1.11.22.jar;D:\apache-maven-3.9.9\mvn_repo\org\objenesis\objenesis\3.2\objenesis-3.2.jar;D:\apache-maven-3.9.9\mvn_repo\org\mockito\mockito-junit-jupiter\4.0.0\mockito-junit-jupiter-4.0.0.jar;D:\apache-maven-3.9.9\mvn_repo\org\skyscreamer\jsonassert\1.5.0\jsonassert-1.5.0.jar;D:\apache-maven-3.9.9\mvn_repo\com\vaadin\external\google\android-json\0.0.20131108.vaadin1\android-json-0.0.20131108.vaadin1.jar;D:\apache-maven-3.9.9\mvn_repo\org\springframework\spring-core\5.3.16\spring-core-5.3.16.jar;D:\apache-maven-3.9.9\mvn_repo\org\springframework\spring-jcl\5.3.16\spring-jcl-5.3.16.jar;D:\apache-maven-3.9.9\mvn_repo\org\springframework\spring-test\5.3.16\spring-test-5.3.16.jar;D:\apache-maven-3.9.9\mvn_repo\org\xmlunit\xmlunit-core\2.8.4\xmlunit-core-2.8.4.jar;D:\apache-maven-3.9.9\mvn_repo\junit\junit\4.13.2\junit-4.13.2.jar;D:\apache-maven-3.9.9\mvn_repo\org\hamcrest\hamcrest-core\2.2\hamcrest-core-2.2.jar;D:\apache-maven-3.9.9\mvn_repo\org\projectlombok\lombok\1.18.22\lombok-1.18.22.jar;D:\apache-maven-3.9.9\mvn_repo\mysql\mysql-connector-java\8.0.28\mysql-connector-java-8.0.28.jar;D:\apache-maven-3.9.9\mvn_repo\org\mybatis\spring\boot\mybatis-spring-boot-starter\2.2.2\mybatis-spring-boot-starter-2.2.2.jar;D:\apache-maven-3.9.9\mvn_repo\org\springframework\boot\spring-boot-starter-jdbc\2.6.4\spring-boot-starter-jdbc-2.6.4.jar;D:\apache-maven-3.9.9\mvn_repo\com\zaxxer\HikariCP\4.0.3\HikariCP-4.0.3.jar;D:\apache-maven-3.9.9\mvn_repo\org\springframework\spring-jdbc\5.3.16\spring-jdbc-5.3.16.jar;D:\apache-maven-3.9.9\mvn_repo\org\mybatis\spring\boot\mybatis-spring-boot-autoconfigure\2.2.2\mybatis-spring-boot-autoconfigure-2.2.2.jar;D:\apache-maven-3.9.9\mvn_repo\org\mybatis\mybatis\3.5.9\mybatis-3.5.9.jar;D:\apache-maven-3.9.9\mvn_repo\org\mybatis\mybatis-spring\2.0.7\mybatis-spring-2.0.7.jar;D:\apache-maven-3.9.9\mvn_repo\com\baomidou\mybatis-plus-boot-starter\3.5.1\mybatis-plus-boot-starter-3.5.1.jar;D:\apache-maven-3.9.9\mvn_repo\com\baomidou\mybatis-plus\3.5.1\mybatis-plus-3.5.1.jar;D:\apache-maven-3.9.9\mvn_repo\com\baomidou\mybatis-plus-extension\3.5.1\mybatis-plus-extension-3.5.1.jar;D:\apache-maven-3.9.9\mvn_repo\com\baomidou\mybatis-plus-core\3.5.1\mybatis-plus-core-3.5.1.jar;D:\apache-maven-3.9.9\mvn_repo\com\baomidou\mybatis-plus-annotation\3.5.1\mybatis-plus-annotation-3.5.1.jar;D:\apache-maven-3.9.9\mvn_repo\com\github\jsqlparser\jsqlparser\4.3\jsqlparser-4.3.jar;D:\apache-maven-3.9.9\mvn_repo\org\springframework\boot\spring-boot-starter-data-redis\2.6.4\spring-boot-starter-data-redis-2.6.4.jar;D:\apache-maven-3.9.9\mvn_repo\org\springframework\data\spring-data-redis\2.6.2\spring-data-redis-2.6.2.jar;D:\apache-maven-3.9.9\mvn_repo\org\springframework\data\spring-data-keyvalue\2.6.2\spring-data-keyvalue-2.6.2.jar;D:\apache-maven-3.9.9\mvn_repo\org\springframework\data\spring-data-commons\2.6.2\spring-data-commons-2.6.2.jar;D:\apache-maven-3.9.9\mvn_repo\org\springframework\spring-tx\5.3.16\spring-tx-5.3.16.jar;D:\apache-maven-3.9.9\mvn_repo\org\springframework\spring-oxm\5.3.16\spring-oxm-5.3.16.jar;D:\apache-maven-3.9.9\mvn_repo\org\springframework\spring-context-support\5.3.16\spring-context-support-5.3.16.jar;D:\apache-maven-3.9.9\mvn_repo\io\lettuce\lettuce-core\6.1.6.RELEASE\lettuce-core-6.1.6.RELEASE.jar;D:\apache-maven-3.9.9\mvn_repo\org\springframework\session\spring-session-data-redis\2.6.3\spring-session-data-redis-2.6.3.jar;D:\apache-maven-3.9.9\mvn_repo\org\springframework\session\spring-session-core\2.6.2\spring-session-core-2.6.2.jar;D:\apache-maven-3.9.9\mvn_repo\org\redisson\redisson\3.17.5\redisson-3.17.5.jar;D:\apache-maven-3.9.9\mvn_repo\io\netty\netty-common\4.1.74.Final\netty-common-4.1.74.Final.jar;D:\apache-maven-3.9.9\mvn_repo\io\netty\netty-codec\4.1.74.Final\netty-codec-4.1.74.Final.jar;D:\apache-maven-3.9.9\mvn_repo\io\netty\netty-buffer\4.1.74.Final\netty-buffer-4.1.74.Final.jar;D:\apache-maven-3.9.9\mvn_repo\io\netty\netty-transport\4.1.74.Final\netty-transport-4.1.74.Final.jar;D:\apache-maven-3.9.9\mvn_repo\io\netty\netty-resolver\4.1.74.Final\netty-resolver-4.1.74.Final.jar;D:\apache-maven-3.9.9\mvn_repo\io\netty\netty-resolver-dns\4.1.74.Final\netty-resolver-dns-4.1.74.Final.jar;D:\apache-maven-3.9.9\mvn_repo\io\netty\netty-codec-dns\4.1.74.Final\netty-codec-dns-4.1.74.Final.jar;D:\apache-maven-3.9.9\mvn_repo\io\netty\netty-handler\4.1.74.Final\netty-handler-4.1.74.Final.jar;D:\apache-maven-3.9.9\mvn_repo\io\netty\netty-tcnative-classes\2.0.48.Final\netty-tcnative-classes-2.0.48.Final.jar;D:\apache-maven-3.9.9\mvn_repo\javax\cache\cache-api\1.1.1\cache-api-1.1.1.jar;D:\apache-maven-3.9.9\mvn_repo\io\projectreactor\reactor-core\3.4.15\reactor-core-3.4.15.jar;D:\apache-maven-3.9.9\mvn_repo\org\reactivestreams\reactive-streams\1.0.3\reactive-streams-1.0.3.jar;D:\apache-maven-3.9.9\mvn_repo\io\reactivex\rxjava3\rxjava\3.1.5\rxjava-3.1.5.jar;D:\apache-maven-3.9.9\mvn_repo\org\jboss\marshalling\jboss-marshalling\2.0.11.Final\jboss-marshalling-2.0.11.Final.jar;D:\apache-maven-3.9.9\mvn_repo\org\jboss\marshalling\jboss-marshalling-river\2.0.11.Final\jboss-marshalling-river-2.0.11.Final.jar;D:\apache-maven-3.9.9\mvn_repo\org\slf4j\slf4j-api\1.7.36\slf4j-api-1.7.36.jar;D:\apache-maven-3.9.9\mvn_repo\com\fasterxml\jackson\core\jackson-annotations\2.13.1\jackson-annotations-2.13.1.jar;D:\apache-maven-3.9.9\mvn_repo\com\fasterxml\jackson\dataformat\jackson-dataformat-yaml\2.13.1\jackson-dataformat-yaml-2.13.1.jar;D:\apache-maven-3.9.9\mvn_repo\com\fasterxml\jackson\core\jackson-core\2.13.1\jackson-core-2.13.1.jar;D:\apache-maven-3.9.9\mvn_repo\com\fasterxml\jackson\core\jackson-databind\2.13.1\jackson-databind-2.13.1.jar;D:\apache-maven-3.9.9\mvn_repo\net\bytebuddy\byte-buddy\1.11.22\byte-buddy-1.11.22.jar;D:\apache-maven-3.9.9\mvn_repo\org\jodd\jodd-bean\5.1.6\jodd-bean-5.1.6.jar;D:\apache-maven-3.9.9\mvn_repo\org\jodd\jodd-core\5.1.6\jodd-core-5.1.6.jar;D:\apache-maven-3.9.9\mvn_repo\org\apache\commons\commons-lang3\3.12.0\commons-lang3-3.12.0.jar;D:\apache-maven-3.9.9\mvn_repo\org\apache\commons\commons-collections4\4.4\commons-collections4-4.4.jar;D:\apache-maven-3.9.9\mvn_repo\com\google\code\gson\gson\2.8.9\gson-2.8.9.jar;D:\apache-maven-3.9.9\mvn_repo\com\alibaba\easyexcel\3.1.0\easyexcel-3.1.0.jar;D:\apache-maven-3.9.9\mvn_repo\com\alibaba\easyexcel-core\3.1.0\easyexcel-core-3.1.0.jar;D:\apache-maven-3.9.9\mvn_repo\com\alibaba\easyexcel-support\3.1.0\easyexcel-support-3.1.0.jar;D:\apache-maven-3.9.9\mvn_repo\org\apache\poi\poi\4.1.2\poi-4.1.2.jar;D:\apache-maven-3.9.9\mvn_repo\commons-codec\commons-codec\1.15\commons-codec-1.15.jar;D:\apache-maven-3.9.9\mvn_repo\org\apache\commons\commons-math3\3.6.1\commons-math3-3.6.1.jar;D:\apache-maven-3.9.9\mvn_repo\com\zaxxer\SparseBitSet\1.2\SparseBitSet-1.2.jar;D:\apache-maven-3.9.9\mvn_repo\org\apache\poi\poi-ooxml\4.1.2\poi-ooxml-4.1.2.jar;D:\apache-maven-3.9.9\mvn_repo\org\apache\commons\commons-compress\1.19\commons-compress-1.19.jar;D:\apache-maven-3.9.9\mvn_repo\com\github\virtuald\curvesapi\1.06\curvesapi-1.06.jar;D:\apache-maven-3.9.9\mvn_repo\org\apache\poi\poi-ooxml-schemas\4.1.2\poi-ooxml-schemas-4.1.2.jar;D:\apache-maven-3.9.9\mvn_repo\org\apache\xmlbeans\xmlbeans\3.1.0\xmlbeans-3.1.0.jar;D:\apache-maven-3.9.9\mvn_repo\org\apache\commons\commons-csv\1.8\commons-csv-1.8.jar;D:\apache-maven-3.9.9\mvn_repo\org\ehcache\ehcache\3.9.9\ehcache-3.9.9.jar;D:\apache-maven-3.9.9\mvn_repo\com\github\xiaoymin\knife4j-spring-boot-starter\2.0.7\knife4j-spring-boot-starter-2.0.7.jar;D:\apache-maven-3.9.9\mvn_repo\com\github\xiaoymin\knife4j-spring-boot-autoconfigure\2.0.7\knife4j-spring-boot-autoconfigure-2.0.7.jar;D:\apache-maven-3.9.9\mvn_repo\com\github\xiaoymin\knife4j-spring\2.0.7\knife4j-spring-2.0.7.jar;D:\apache-maven-3.9.9\mvn_repo\com\github\xiaoymin\knife4j-annotations\2.0.7\knife4j-annotations-2.0.7.jar;D:\apache-maven-3.9.9\mvn_repo\com\github\xiaoymin\knife4j-core\2.0.7\knife4j-core-2.0.7.jar;D:\apache-maven-3.9.9\mvn_repo\org\javassist\javassist\3.25.0-GA\javassist-3.25.0-GA.jar;D:\apache-maven-3.9.9\mvn_repo\io\swagger\swagger-models\1.5.22\swagger-models-1.5.22.jar;D:\apache-maven-3.9.9\mvn_repo\io\swagger\swagger-annotations\1.5.22\swagger-annotations-1.5.22.jar;D:\apache-maven-3.9.9\mvn_repo\io\springfox\springfox-swagger2\2.10.5\springfox-swagger2-2.10.5.jar;D:\apache-maven-3.9.9\mvn_repo\io\springfox\springfox-spi\2.10.5\springfox-spi-2.10.5.jar;D:\apache-maven-3.9.9\mvn_repo\io\springfox\springfox-core\2.10.5\springfox-core-2.10.5.jar;D:\apache-maven-3.9.9\mvn_repo\io\springfox\springfox-schema\2.10.5\springfox-schema-2.10.5.jar;D:\apache-maven-3.9.9\mvn_repo\io\springfox\springfox-swagger-common\2.10.5\springfox-swagger-common-2.10.5.jar;D:\apache-maven-3.9.9\mvn_repo\io\springfox\springfox-spring-web\2.10.5\springfox-spring-web-2.10.5.jar;D:\apache-maven-3.9.9\mvn_repo\io\github\classgraph\classgraph\4.1.7\classgraph-4.1.7.jar;D:\apache-maven-3.9.9\mvn_repo\com\fasterxml\classmate\1.5.1\classmate-1.5.1.jar;D:\apache-maven-3.9.9\mvn_repo\org\springframework\plugin\spring-plugin-core\2.0.0.RELEASE\spring-plugin-core-2.0.0.RELEASE.jar;D:\apache-maven-3.9.9\mvn_repo\org\springframework\plugin\spring-plugin-metadata\2.0.0.RELEASE\spring-plugin-metadata-2.0.0.RELEASE.jar;D:\apache-maven-3.9.9\mvn_repo\org\mapstruct\mapstruct\1.3.1.Final\mapstruct-1.3.1.Final.jar;D:\apache-maven-3.9.9\mvn_repo\io\springfox\springfox-bean-validators\2.10.5\springfox-bean-validators-2.10.5.jar;D:\apache-maven-3.9.9\mvn_repo\io\springfox\springfox-spring-webmvc\2.10.5\springfox-spring-webmvc-2.10.5.jar;D:\apache-maven-3.9.9\mvn_repo\com\github\xiaoymin\knife4j-spring-ui\2.0.7\knife4j-spring-ui-2.0.7.jar;"/>
    <property name="java.vm.vendor" value="Oracle Corporation"/>
    <property name="sun.arch.data.model" value="64"/>
    <property name="user.variant" value=""/>
    <property name="java.vendor.url" value="http://java.oracle.com/"/>
    <property name="user.timezone" value="Asia/Shanghai"/>
    <property name="java.vm.specification.version" value="1.8"/>
    <property name="os.name" value="Windows 11"/>
    <property name="user.country" value="CN"/>
    <property name="sun.java.launcher" value="SUN_STANDARD"/>
    <property name="sun.boot.library.path" value="D:\Java\jdk-1.8\jre\bin"/>
    <property name="sun.java.command" value="C:\Users\13203\AppData\Local\Temp\surefire7041604451977514439\surefirebooter9204936128629993892.jar C:\Users\13203\AppData\Local\Temp\surefire7041604451977514439 2025-03-16T13-44-59_795-jvmRun1 surefire3896220668383550183tmp surefire_0504077078844028294tmp"/>
    <property name="surefire.test.class.path" value="E:\OneDrive - stu.xjtu.edu.cn\2 工作\3 java\4 java项目\伙伴匹配系统-鱼皮\yupao\yupao-backend-master\target\test-classes;E:\OneDrive - stu.xjtu.edu.cn\2 工作\3 java\4 java项目\伙伴匹配系统-鱼皮\yupao\yupao-backend-master\target\classes;D:\apache-maven-3.9.9\mvn_repo\org\springframework\boot\spring-boot-starter-web\2.6.4\spring-boot-starter-web-2.6.4.jar;D:\apache-maven-3.9.9\mvn_repo\org\springframework\boot\spring-boot-starter\2.6.4\spring-boot-starter-2.6.4.jar;D:\apache-maven-3.9.9\mvn_repo\org\springframework\boot\spring-boot-starter-logging\2.6.4\spring-boot-starter-logging-2.6.4.jar;D:\apache-maven-3.9.9\mvn_repo\ch\qos\logback\logback-classic\1.2.10\logback-classic-1.2.10.jar;D:\apache-maven-3.9.9\mvn_repo\ch\qos\logback\logback-core\1.2.10\logback-core-1.2.10.jar;D:\apache-maven-3.9.9\mvn_repo\org\apache\logging\log4j\log4j-to-slf4j\2.17.1\log4j-to-slf4j-2.17.1.jar;D:\apache-maven-3.9.9\mvn_repo\org\apache\logging\log4j\log4j-api\2.17.1\log4j-api-2.17.1.jar;D:\apache-maven-3.9.9\mvn_repo\org\slf4j\jul-to-slf4j\1.7.36\jul-to-slf4j-1.7.36.jar;D:\apache-maven-3.9.9\mvn_repo\jakarta\annotation\jakarta.annotation-api\1.3.5\jakarta.annotation-api-1.3.5.jar;D:\apache-maven-3.9.9\mvn_repo\org\yaml\snakeyaml\1.29\snakeyaml-1.29.jar;D:\apache-maven-3.9.9\mvn_repo\org\springframework\boot\spring-boot-starter-json\2.6.4\spring-boot-starter-json-2.6.4.jar;D:\apache-maven-3.9.9\mvn_repo\com\fasterxml\jackson\datatype\jackson-datatype-jdk8\2.13.1\jackson-datatype-jdk8-2.13.1.jar;D:\apache-maven-3.9.9\mvn_repo\com\fasterxml\jackson\datatype\jackson-datatype-jsr310\2.13.1\jackson-datatype-jsr310-2.13.1.jar;D:\apache-maven-3.9.9\mvn_repo\com\fasterxml\jackson\module\jackson-module-parameter-names\2.13.1\jackson-module-parameter-names-2.13.1.jar;D:\apache-maven-3.9.9\mvn_repo\org\springframework\boot\spring-boot-starter-tomcat\2.6.4\spring-boot-starter-tomcat-2.6.4.jar;D:\apache-maven-3.9.9\mvn_repo\org\apache\tomcat\embed\tomcat-embed-core\9.0.58\tomcat-embed-core-9.0.58.jar;D:\apache-maven-3.9.9\mvn_repo\org\apache\tomcat\embed\tomcat-embed-el\9.0.58\tomcat-embed-el-9.0.58.jar;D:\apache-maven-3.9.9\mvn_repo\org\apache\tomcat\embed\tomcat-embed-websocket\9.0.58\tomcat-embed-websocket-9.0.58.jar;D:\apache-maven-3.9.9\mvn_repo\org\springframework\spring-web\5.3.16\spring-web-5.3.16.jar;D:\apache-maven-3.9.9\mvn_repo\org\springframework\spring-beans\5.3.16\spring-beans-5.3.16.jar;D:\apache-maven-3.9.9\mvn_repo\org\springframework\spring-webmvc\5.3.16\spring-webmvc-5.3.16.jar;D:\apache-maven-3.9.9\mvn_repo\org\springframework\spring-aop\5.3.16\spring-aop-5.3.16.jar;D:\apache-maven-3.9.9\mvn_repo\org\springframework\spring-context\5.3.16\spring-context-5.3.16.jar;D:\apache-maven-3.9.9\mvn_repo\org\springframework\spring-expression\5.3.16\spring-expression-5.3.16.jar;D:\apache-maven-3.9.9\mvn_repo\org\springframework\boot\spring-boot-devtools\2.6.4\spring-boot-devtools-2.6.4.jar;D:\apache-maven-3.9.9\mvn_repo\org\springframework\boot\spring-boot\2.6.4\spring-boot-2.6.4.jar;D:\apache-maven-3.9.9\mvn_repo\org\springframework\boot\spring-boot-autoconfigure\2.6.4\spring-boot-autoconfigure-2.6.4.jar;D:\apache-maven-3.9.9\mvn_repo\org\springframework\boot\spring-boot-configuration-processor\2.6.4\spring-boot-configuration-processor-2.6.4.jar;D:\apache-maven-3.9.9\mvn_repo\org\springframework\boot\spring-boot-starter-test\2.6.4\spring-boot-starter-test-2.6.4.jar;D:\apache-maven-3.9.9\mvn_repo\org\springframework\boot\spring-boot-test\2.6.4\spring-boot-test-2.6.4.jar;D:\apache-maven-3.9.9\mvn_repo\org\springframework\boot\spring-boot-test-autoconfigure\2.6.4\spring-boot-test-autoconfigure-2.6.4.jar;D:\apache-maven-3.9.9\mvn_repo\com\jayway\jsonpath\json-path\2.6.0\json-path-2.6.0.jar;D:\apache-maven-3.9.9\mvn_repo\net\minidev\json-smart\2.4.8\json-smart-2.4.8.jar;D:\apache-maven-3.9.9\mvn_repo\net\minidev\accessors-smart\2.4.8\accessors-smart-2.4.8.jar;D:\apache-maven-3.9.9\mvn_repo\org\ow2\asm\asm\9.1\asm-9.1.jar;D:\apache-maven-3.9.9\mvn_repo\jakarta\xml\bind\jakarta.xml.bind-api\2.3.3\jakarta.xml.bind-api-2.3.3.jar;D:\apache-maven-3.9.9\mvn_repo\jakarta\activation\jakarta.activation-api\1.2.2\jakarta.activation-api-1.2.2.jar;D:\apache-maven-3.9.9\mvn_repo\org\assertj\assertj-core\3.21.0\assertj-core-3.21.0.jar;D:\apache-maven-3.9.9\mvn_repo\org\hamcrest\hamcrest\2.2\hamcrest-2.2.jar;D:\apache-maven-3.9.9\mvn_repo\org\junit\jupiter\junit-jupiter\5.8.2\junit-jupiter-5.8.2.jar;D:\apache-maven-3.9.9\mvn_repo\org\junit\jupiter\junit-jupiter-api\5.8.2\junit-jupiter-api-5.8.2.jar;D:\apache-maven-3.9.9\mvn_repo\org\opentest4j\opentest4j\1.2.0\opentest4j-1.2.0.jar;D:\apache-maven-3.9.9\mvn_repo\org\junit\platform\junit-platform-commons\1.8.2\junit-platform-commons-1.8.2.jar;D:\apache-maven-3.9.9\mvn_repo\org\apiguardian\apiguardian-api\1.1.2\apiguardian-api-1.1.2.jar;D:\apache-maven-3.9.9\mvn_repo\org\junit\jupiter\junit-jupiter-params\5.8.2\junit-jupiter-params-5.8.2.jar;D:\apache-maven-3.9.9\mvn_repo\org\junit\jupiter\junit-jupiter-engine\5.8.2\junit-jupiter-engine-5.8.2.jar;D:\apache-maven-3.9.9\mvn_repo\org\junit\platform\junit-platform-engine\1.8.2\junit-platform-engine-1.8.2.jar;D:\apache-maven-3.9.9\mvn_repo\org\mockito\mockito-core\4.0.0\mockito-core-4.0.0.jar;D:\apache-maven-3.9.9\mvn_repo\net\bytebuddy\byte-buddy-agent\1.11.22\byte-buddy-agent-1.11.22.jar;D:\apache-maven-3.9.9\mvn_repo\org\objenesis\objenesis\3.2\objenesis-3.2.jar;D:\apache-maven-3.9.9\mvn_repo\org\mockito\mockito-junit-jupiter\4.0.0\mockito-junit-jupiter-4.0.0.jar;D:\apache-maven-3.9.9\mvn_repo\org\skyscreamer\jsonassert\1.5.0\jsonassert-1.5.0.jar;D:\apache-maven-3.9.9\mvn_repo\com\vaadin\external\google\android-json\0.0.20131108.vaadin1\android-json-0.0.20131108.vaadin1.jar;D:\apache-maven-3.9.9\mvn_repo\org\springframework\spring-core\5.3.16\spring-core-5.3.16.jar;D:\apache-maven-3.9.9\mvn_repo\org\springframework\spring-jcl\5.3.16\spring-jcl-5.3.16.jar;D:\apache-maven-3.9.9\mvn_repo\org\springframework\spring-test\5.3.16\spring-test-5.3.16.jar;D:\apache-maven-3.9.9\mvn_repo\org\xmlunit\xmlunit-core\2.8.4\xmlunit-core-2.8.4.jar;D:\apache-maven-3.9.9\mvn_repo\junit\junit\4.13.2\junit-4.13.2.jar;D:\apache-maven-3.9.9\mvn_repo\org\hamcrest\hamcrest-core\2.2\hamcrest-core-2.2.jar;D:\apache-maven-3.9.9\mvn_repo\org\projectlombok\lombok\1.18.22\lombok-1.18.22.jar;D:\apache-maven-3.9.9\mvn_repo\mysql\mysql-connector-java\8.0.28\mysql-connector-java-8.0.28.jar;D:\apache-maven-3.9.9\mvn_repo\org\mybatis\spring\boot\mybatis-spring-boot-starter\2.2.2\mybatis-spring-boot-starter-2.2.2.jar;D:\apache-maven-3.9.9\mvn_repo\org\springframework\boot\spring-boot-starter-jdbc\2.6.4\spring-boot-starter-jdbc-2.6.4.jar;D:\apache-maven-3.9.9\mvn_repo\com\zaxxer\HikariCP\4.0.3\HikariCP-4.0.3.jar;D:\apache-maven-3.9.9\mvn_repo\org\springframework\spring-jdbc\5.3.16\spring-jdbc-5.3.16.jar;D:\apache-maven-3.9.9\mvn_repo\org\mybatis\spring\boot\mybatis-spring-boot-autoconfigure\2.2.2\mybatis-spring-boot-autoconfigure-2.2.2.jar;D:\apache-maven-3.9.9\mvn_repo\org\mybatis\mybatis\3.5.9\mybatis-3.5.9.jar;D:\apache-maven-3.9.9\mvn_repo\org\mybatis\mybatis-spring\2.0.7\mybatis-spring-2.0.7.jar;D:\apache-maven-3.9.9\mvn_repo\com\baomidou\mybatis-plus-boot-starter\3.5.1\mybatis-plus-boot-starter-3.5.1.jar;D:\apache-maven-3.9.9\mvn_repo\com\baomidou\mybatis-plus\3.5.1\mybatis-plus-3.5.1.jar;D:\apache-maven-3.9.9\mvn_repo\com\baomidou\mybatis-plus-extension\3.5.1\mybatis-plus-extension-3.5.1.jar;D:\apache-maven-3.9.9\mvn_repo\com\baomidou\mybatis-plus-core\3.5.1\mybatis-plus-core-3.5.1.jar;D:\apache-maven-3.9.9\mvn_repo\com\baomidou\mybatis-plus-annotation\3.5.1\mybatis-plus-annotation-3.5.1.jar;D:\apache-maven-3.9.9\mvn_repo\com\github\jsqlparser\jsqlparser\4.3\jsqlparser-4.3.jar;D:\apache-maven-3.9.9\mvn_repo\org\springframework\boot\spring-boot-starter-data-redis\2.6.4\spring-boot-starter-data-redis-2.6.4.jar;D:\apache-maven-3.9.9\mvn_repo\org\springframework\data\spring-data-redis\2.6.2\spring-data-redis-2.6.2.jar;D:\apache-maven-3.9.9\mvn_repo\org\springframework\data\spring-data-keyvalue\2.6.2\spring-data-keyvalue-2.6.2.jar;D:\apache-maven-3.9.9\mvn_repo\org\springframework\data\spring-data-commons\2.6.2\spring-data-commons-2.6.2.jar;D:\apache-maven-3.9.9\mvn_repo\org\springframework\spring-tx\5.3.16\spring-tx-5.3.16.jar;D:\apache-maven-3.9.9\mvn_repo\org\springframework\spring-oxm\5.3.16\spring-oxm-5.3.16.jar;D:\apache-maven-3.9.9\mvn_repo\org\springframework\spring-context-support\5.3.16\spring-context-support-5.3.16.jar;D:\apache-maven-3.9.9\mvn_repo\io\lettuce\lettuce-core\6.1.6.RELEASE\lettuce-core-6.1.6.RELEASE.jar;D:\apache-maven-3.9.9\mvn_repo\org\springframework\session\spring-session-data-redis\2.6.3\spring-session-data-redis-2.6.3.jar;D:\apache-maven-3.9.9\mvn_repo\org\springframework\session\spring-session-core\2.6.2\spring-session-core-2.6.2.jar;D:\apache-maven-3.9.9\mvn_repo\org\redisson\redisson\3.17.5\redisson-3.17.5.jar;D:\apache-maven-3.9.9\mvn_repo\io\netty\netty-common\4.1.74.Final\netty-common-4.1.74.Final.jar;D:\apache-maven-3.9.9\mvn_repo\io\netty\netty-codec\4.1.74.Final\netty-codec-4.1.74.Final.jar;D:\apache-maven-3.9.9\mvn_repo\io\netty\netty-buffer\4.1.74.Final\netty-buffer-4.1.74.Final.jar;D:\apache-maven-3.9.9\mvn_repo\io\netty\netty-transport\4.1.74.Final\netty-transport-4.1.74.Final.jar;D:\apache-maven-3.9.9\mvn_repo\io\netty\netty-resolver\4.1.74.Final\netty-resolver-4.1.74.Final.jar;D:\apache-maven-3.9.9\mvn_repo\io\netty\netty-resolver-dns\4.1.74.Final\netty-resolver-dns-4.1.74.Final.jar;D:\apache-maven-3.9.9\mvn_repo\io\netty\netty-codec-dns\4.1.74.Final\netty-codec-dns-4.1.74.Final.jar;D:\apache-maven-3.9.9\mvn_repo\io\netty\netty-handler\4.1.74.Final\netty-handler-4.1.74.Final.jar;D:\apache-maven-3.9.9\mvn_repo\io\netty\netty-tcnative-classes\2.0.48.Final\netty-tcnative-classes-2.0.48.Final.jar;D:\apache-maven-3.9.9\mvn_repo\javax\cache\cache-api\1.1.1\cache-api-1.1.1.jar;D:\apache-maven-3.9.9\mvn_repo\io\projectreactor\reactor-core\3.4.15\reactor-core-3.4.15.jar;D:\apache-maven-3.9.9\mvn_repo\org\reactivestreams\reactive-streams\1.0.3\reactive-streams-1.0.3.jar;D:\apache-maven-3.9.9\mvn_repo\io\reactivex\rxjava3\rxjava\3.1.5\rxjava-3.1.5.jar;D:\apache-maven-3.9.9\mvn_repo\org\jboss\marshalling\jboss-marshalling\2.0.11.Final\jboss-marshalling-2.0.11.Final.jar;D:\apache-maven-3.9.9\mvn_repo\org\jboss\marshalling\jboss-marshalling-river\2.0.11.Final\jboss-marshalling-river-2.0.11.Final.jar;D:\apache-maven-3.9.9\mvn_repo\org\slf4j\slf4j-api\1.7.36\slf4j-api-1.7.36.jar;D:\apache-maven-3.9.9\mvn_repo\com\fasterxml\jackson\core\jackson-annotations\2.13.1\jackson-annotations-2.13.1.jar;D:\apache-maven-3.9.9\mvn_repo\com\fasterxml\jackson\dataformat\jackson-dataformat-yaml\2.13.1\jackson-dataformat-yaml-2.13.1.jar;D:\apache-maven-3.9.9\mvn_repo\com\fasterxml\jackson\core\jackson-core\2.13.1\jackson-core-2.13.1.jar;D:\apache-maven-3.9.9\mvn_repo\com\fasterxml\jackson\core\jackson-databind\2.13.1\jackson-databind-2.13.1.jar;D:\apache-maven-3.9.9\mvn_repo\net\bytebuddy\byte-buddy\1.11.22\byte-buddy-1.11.22.jar;D:\apache-maven-3.9.9\mvn_repo\org\jodd\jodd-bean\5.1.6\jodd-bean-5.1.6.jar;D:\apache-maven-3.9.9\mvn_repo\org\jodd\jodd-core\5.1.6\jodd-core-5.1.6.jar;D:\apache-maven-3.9.9\mvn_repo\org\apache\commons\commons-lang3\3.12.0\commons-lang3-3.12.0.jar;D:\apache-maven-3.9.9\mvn_repo\org\apache\commons\commons-collections4\4.4\commons-collections4-4.4.jar;D:\apache-maven-3.9.9\mvn_repo\com\google\code\gson\gson\2.8.9\gson-2.8.9.jar;D:\apache-maven-3.9.9\mvn_repo\com\alibaba\easyexcel\3.1.0\easyexcel-3.1.0.jar;D:\apache-maven-3.9.9\mvn_repo\com\alibaba\easyexcel-core\3.1.0\easyexcel-core-3.1.0.jar;D:\apache-maven-3.9.9\mvn_repo\com\alibaba\easyexcel-support\3.1.0\easyexcel-support-3.1.0.jar;D:\apache-maven-3.9.9\mvn_repo\org\apache\poi\poi\4.1.2\poi-4.1.2.jar;D:\apache-maven-3.9.9\mvn_repo\commons-codec\commons-codec\1.15\commons-codec-1.15.jar;D:\apache-maven-3.9.9\mvn_repo\org\apache\commons\commons-math3\3.6.1\commons-math3-3.6.1.jar;D:\apache-maven-3.9.9\mvn_repo\com\zaxxer\SparseBitSet\1.2\SparseBitSet-1.2.jar;D:\apache-maven-3.9.9\mvn_repo\org\apache\poi\poi-ooxml\4.1.2\poi-ooxml-4.1.2.jar;D:\apache-maven-3.9.9\mvn_repo\org\apache\commons\commons-compress\1.19\commons-compress-1.19.jar;D:\apache-maven-3.9.9\mvn_repo\com\github\virtuald\curvesapi\1.06\curvesapi-1.06.jar;D:\apache-maven-3.9.9\mvn_repo\org\apache\poi\poi-ooxml-schemas\4.1.2\poi-ooxml-schemas-4.1.2.jar;D:\apache-maven-3.9.9\mvn_repo\org\apache\xmlbeans\xmlbeans\3.1.0\xmlbeans-3.1.0.jar;D:\apache-maven-3.9.9\mvn_repo\org\apache\commons\commons-csv\1.8\commons-csv-1.8.jar;D:\apache-maven-3.9.9\mvn_repo\org\ehcache\ehcache\3.9.9\ehcache-3.9.9.jar;D:\apache-maven-3.9.9\mvn_repo\com\github\xiaoymin\knife4j-spring-boot-starter\2.0.7\knife4j-spring-boot-starter-2.0.7.jar;D:\apache-maven-3.9.9\mvn_repo\com\github\xiaoymin\knife4j-spring-boot-autoconfigure\2.0.7\knife4j-spring-boot-autoconfigure-2.0.7.jar;D:\apache-maven-3.9.9\mvn_repo\com\github\xiaoymin\knife4j-spring\2.0.7\knife4j-spring-2.0.7.jar;D:\apache-maven-3.9.9\mvn_repo\com\github\xiaoymin\knife4j-annotations\2.0.7\knife4j-annotations-2.0.7.jar;D:\apache-maven-3.9.9\mvn_repo\com\github\xiaoymin\knife4j-core\2.0.7\knife4j-core-2.0.7.jar;D:\apache-maven-3.9.9\mvn_repo\org\javassist\javassist\3.25.0-GA\javassist-3.25.0-GA.jar;D:\apache-maven-3.9.9\mvn_repo\io\swagger\swagger-models\1.5.22\swagger-models-1.5.22.jar;D:\apache-maven-3.9.9\mvn_repo\io\swagger\swagger-annotations\1.5.22\swagger-annotations-1.5.22.jar;D:\apache-maven-3.9.9\mvn_repo\io\springfox\springfox-swagger2\2.10.5\springfox-swagger2-2.10.5.jar;D:\apache-maven-3.9.9\mvn_repo\io\springfox\springfox-spi\2.10.5\springfox-spi-2.10.5.jar;D:\apache-maven-3.9.9\mvn_repo\io\springfox\springfox-core\2.10.5\springfox-core-2.10.5.jar;D:\apache-maven-3.9.9\mvn_repo\io\springfox\springfox-schema\2.10.5\springfox-schema-2.10.5.jar;D:\apache-maven-3.9.9\mvn_repo\io\springfox\springfox-swagger-common\2.10.5\springfox-swagger-common-2.10.5.jar;D:\apache-maven-3.9.9\mvn_repo\io\springfox\springfox-spring-web\2.10.5\springfox-spring-web-2.10.5.jar;D:\apache-maven-3.9.9\mvn_repo\io\github\classgraph\classgraph\4.1.7\classgraph-4.1.7.jar;D:\apache-maven-3.9.9\mvn_repo\com\fasterxml\classmate\1.5.1\classmate-1.5.1.jar;D:\apache-maven-3.9.9\mvn_repo\org\springframework\plugin\spring-plugin-core\2.0.0.RELEASE\spring-plugin-core-2.0.0.RELEASE.jar;D:\apache-maven-3.9.9\mvn_repo\org\springframework\plugin\spring-plugin-metadata\2.0.0.RELEASE\spring-plugin-metadata-2.0.0.RELEASE.jar;D:\apache-maven-3.9.9\mvn_repo\org\mapstruct\mapstruct\1.3.1.Final\mapstruct-1.3.1.Final.jar;D:\apache-maven-3.9.9\mvn_repo\io\springfox\springfox-bean-validators\2.10.5\springfox-bean-validators-2.10.5.jar;D:\apache-maven-3.9.9\mvn_repo\io\springfox\springfox-spring-webmvc\2.10.5\springfox-spring-webmvc-2.10.5.jar;D:\apache-maven-3.9.9\mvn_repo\com\github\xiaoymin\knife4j-spring-ui\2.0.7\knife4j-spring-ui-2.0.7.jar;"/>
    <property name="sun.cpu.endian" value="little"/>
    <property name="user.home" value="C:\Users\13203"/>
    <property name="user.language" value="zh"/>
    <property name="java.specification.vendor" value="Oracle Corporation"/>
    <property name="java.home" value="D:\Java\jdk-1.8\jre"/>
    <property name="basedir" value="E:\OneDrive - stu.xjtu.edu.cn\2 工作\3 java\4 java项目\伙伴匹配系统-鱼皮\yupao\yupao-backend-master"/>
    <property name="file.separator" value="\"/>
    <property name="line.separator" value="&#10;"/>
    <property name="java.vm.specification.vendor" value="Oracle Corporation"/>
    <property name="java.specification.name" value="Java Platform API Specification"/>
    <property name="java.awt.graphicsenv" value="sun.awt.Win32GraphicsEnvironment"/>
    <property name="surefire.real.class.path" value="C:\Users\13203\AppData\Local\Temp\surefire7041604451977514439\surefirebooter9204936128629993892.jar"/>
    <property name="sun.boot.class.path" value="D:\Java\jdk-1.8\jre\lib\resources.jar;D:\Java\jdk-1.8\jre\lib\rt.jar;D:\Java\jdk-1.8\jre\lib\jsse.jar;D:\Java\jdk-1.8\jre\lib\jce.jar;D:\Java\jdk-1.8\jre\lib\charsets.jar;D:\Java\jdk-1.8\jre\lib\jfr.jar;D:\Java\jdk-1.8\jre\classes"/>
    <property name="user.script" value=""/>
    <property name="sun.management.compiler" value="HotSpot 64-Bit Tiered Compilers"/>
    <property name="java.runtime.version" value="1.8.0_431-b10"/>
    <property name="user.name" value="13203"/>
    <property name="path.separator" value=";"/>
    <property name="os.version" value="10.0"/>
    <property name="java.endorsed.dirs" value="D:\Java\jdk-1.8\jre\lib\endorsed"/>
    <property name="java.runtime.name" value="Java(TM) SE Runtime Environment"/>
    <property name="file.encoding" value="GBK"/>
    <property name="java.vm.name" value="Java HotSpot(TM) 64-Bit Server VM"/>
    <property name="localRepository" value="D:\apache-maven-3.9.9\mvn_repo"/>
    <property name="java.vendor.url.bug" value="http://bugreport.sun.com/bugreport/"/>
    <property name="java.io.tmpdir" value="C:\Users\13203\AppData\Local\Temp\"/>
    <property name="idea.version" value="2024.1"/>
    <property name="java.version" value="1.8.0_431"/>
    <property name="user.dir" value="E:\OneDrive - stu.xjtu.edu.cn\2 工作\3 java\4 java项目\伙伴匹配系统-鱼皮\yupao\yupao-backend-master"/>
    <property name="os.arch" value="amd64"/>
    <property name="java.vm.specification.name" value="Java Virtual Machine Specification"/>
    <property name="java.awt.printerjob" value="sun.awt.windows.WPrinterJob"/>
    <property name="sun.os.patch.level" value=""/>
    <property name="java.library.path" value="D:\Java\jdk-1.8\jre\bin;C:\Windows\Sun\Java\bin;C:\Windows\system32;C:\Windows;D:\anaconda3\condabin;C:\Program Files\Common Files\Oracle\Java\javapath;C:\Program Files (x86)\Common Files\Oracle\Java\java8path;C:\Program Files (x86)\Common Files\Oracle\Java\javapath;C:\Windows\system32;C:\Windows;C:\Windows\System32\Wbem;C:\Windows\System32\WindowsPowerShell\v1.0\;C:\Windows\System32\OpenSSH\;D:\MATLAB\R2023a\runtime\win64;D:\MATLAB\R2023a\bin;D:\Programs\Git\cmd;D:\nodejs\node_modules;C:\Program Files\dotnet\;D:\Bandizip\;D:\Go\bin;D:\NetSarang\Xftp8\;D:\NetSarang\Xshell8\;D:\apache-maven-3.9.9\bin;D:\mysql-9.1.0-winx64\bin;D:\Redis\;%NVM_HOME%;%NVM_SYMLINK%;C:\Users\13203\AppData\Local\Programs\Python\Python38\Scripts\;C:\Users\13203\AppData\Local\Programs\Python\Python38\;C:\Users\13203\AppData\Local\Microsoft\WindowsApps;D:\Programs\JetBrains\PyCharm 2023.1\bin;;D:\anaconda3;D:\anaconda3\Scripts;D:\anaconda3\Library\mingw-w64\bin;D:\anaconda3\Library\usr\bin;D:\anaconda3\Library\bin;D:\nodejs\node_global;D:\Java\jdk-1.8\bin;D:\JetBrains\IntelliJ IDEA 2024.1\bin;;D:\Go\gopath\go\bin;D:\Microsoft VS Code\bin;D:\JetBrains\WebStorm 2024.1\bin;;D:\nvm;D:\nvm4w\nodejs;."/>
    <property name="java.vm.info" value="mixed mode"/>
    <property name="java.vendor" value="Oracle Corporation"/>
    <property name="java.vm.version" value="25.431-b10"/>
    <property name="java.specification.maintenance.version" value="6"/>
    <property name="java.ext.dirs" value="D:\Java\jdk-1.8\jre\lib\ext;C:\Windows\Sun\Java\lib\ext"/>
    <property name="sun.io.unicode.encoding" value="UnicodeLittle"/>
    <property name="java.class.version" value="52.0"/>
  </properties>
  <testcase name="test" classname="com.yupi.yupao.service.RedisTest" time="0"/>
</testsuite>